<?xml version="1.0" encoding="UTF-8"?>
<coverage generated="1697483863818" clover="3.2.0">
  <project timestamp="1697483863819" name="All files">
    <metrics statements="5" coveredstatements="5" conditionals="0" coveredconditionals="0" methods="2" coveredmethods="2" elements="7" coveredelements="7" complexity="0" loc="5" ncloc="5" packages="1" files="1" classes="1"/>
    <file name="tempConversion.js" path="/home/cwymbewe/Documents/Microverse/FreeCodeCamp/The Odin Project/top4-javascript-exercises/07_tempConversion/tempConversion.js">
      <metrics statements="5" coveredstatements="5" conditionals="0" coveredconditionals="0" methods="2" coveredmethods="2"/>
      <line num="1" count="1" type="stmt"/>
      <line num="3" count="3" type="stmt"/>
      <line num="6" count="1" type="stmt"/>
      <line num="8" count="3" type="stmt"/>
      <line num="12" count="1" type="stmt"/>
    </file>
  </project>
</coverage>
