{"/home/cwymbewe/Documents/Microverse/FreeCodeCamp/The Odin Project/top4-javascript-exercises/07_tempConversion/tempConversion.js": {"path":"/home/cwymbewe/Documents/Microverse/FreeCodeCamp/The Odin Project/top4-javascript-exercises/07_tempConversion/tempConversion.js","statementMap":{"0":{"start":{"line":1,"column":25},"end":{"line":4,"column":1}},"1":{"start":{"line":3,"column":2},"end":{"line":3,"column":54}},"2":{"start":{"line":6,"column":28},"end":{"line":9,"column":1}},"3":{"start":{"line":8,"column":2},"end":{"line":8,"column":49}},"4":{"start":{"line":12,"column":0},"end":{"line":15,"column":2}}},"fnMap":{"0":{"name":"(anonymous_0)","decl":{"start":{"line":1,"column":25},"end":{"line":1,"column":26}},"loc":{"start":{"line":1,"column":46},"end":{"line":4,"column":1}},"line":1},"1":{"name":"(anonymous_1)","decl":{"start":{"line":6,"column":28},"end":{"line":6,"column":29}},"loc":{"start":{"line":6,"column":46},"end":{"line":9,"column":1}},"line":6}},"branchMap":{},"s":{"0":1,"1":3,"2":1,"3":3,"4":1},"f":{"0":3,"1":3},"b":{},"_coverageSchema":"1a1c01bbd47fc00a2c39e90264f33305004495a9","hash":"aa19ba68968047c7d764a18ae844181cd4a54dcf"}
}
