{"/home/cwymbewe/Documents/Microverse/FreeCodeCamp/The Odin Project/top4-javascript-exercises/02_repeatString/repeatString.js": {"path":"/home/cwymbewe/Documents/Microverse/FreeCodeCamp/The Odin Project/top4-javascript-exercises/02_repeatString/repeatString.js","statementMap":{"0":{"start":{"line":1,"column":21},"end":{"line":16,"column":1}},"1":{"start":{"line":2,"column":4},"end":{"line":4,"column":5}},"2":{"start":{"line":3,"column":8},"end":{"line":3,"column":22}},"3":{"start":{"line":6,"column":17},"end":{"line":6,"column":19}},"4":{"start":{"line":7,"column":4},"end":{"line":13,"column":5}},"5":{"start":{"line":7,"column":16},"end":{"line":7,"column":17}},"6":{"start":{"line":8,"column":8},"end":{"line":12,"column":9}},"7":{"start":{"line":9,"column":12},"end":{"line":9,"column":26}},"8":{"start":{"line":11,"column":12},"end":{"line":11,"column":29}},"9":{"start":{"line":15,"column":4},"end":{"line":15,"column":18}},"10":{"start":{"line":19,"column":0},"end":{"line":19,"column":30}}},"fnMap":{"0":{"name":"(anonymous_0)","decl":{"start":{"line":1,"column":21},"end":{"line":1,"column":22}},"loc":{"start":{"line":1,"column":43},"end":{"line":16,"column":1}},"line":1}},"branchMap":{"0":{"loc":{"start":{"line":2,"column":4},"end":{"line":4,"column":5}},"type":"if","locations":[{"start":{"line":2,"column":4},"end":{"line":4,"column":5}},{"start":{},"end":{}}],"line":2},"1":{"loc":{"start":{"line":8,"column":8},"end":{"line":12,"column":9}},"type":"if","locations":[{"start":{"line":8,"column":8},"end":{"line":12,"column":9}},{"start":{"line":10,"column":14},"end":{"line":12,"column":9}}],"line":8}},"s":{"0":1,"1":7,"2":1,"3":6,"4":6,"5":6,"6":575,"7":1,"8":574,"9":5,"10":1},"f":{"0":7},"b":{"0":[1,6],"1":[1,574]},"_coverageSchema":"1a1c01bbd47fc00a2c39e90264f33305004495a9","hash":"08012109693aec9e1f849220ca8be7ac72dc3da2"}
}
